<?xml version="1.0" encoding="UTF-8"?>
<!-- Generated by org.testng.reporters.JUnitReportReporter -->
<testsuite hostname="DESKTOP-90T0URJ" failures="0" tests="1" name="test.TestNGDemo" time="4.793" errors="0" timestamp="2022-10-04T23:37:38 EEST" skipped="0">
  <testcase classname="test.TestNGDemo" name="googleSearch" time="4.793"/>
  <system-out/>
</testsuite> <!-- test.TestNGDemo -->
