<?xml version="1.0" encoding="UTF-8"?>
<!-- Generated by org.testng.reporters.JUnitReportReporter -->
<testsuite hostname="DESKTOP-90T0URJ" failures="0" tests="3" name="listeners.TestNGListenerDemo2" time="0.007" errors="0" timestamp="2022-10-06T11:09:10 EEST" skipped="1">
  <testcase classname="listeners.TestNGListenerDemo2" name="test6" time="0.003">
    <skipped/>
  </testcase> <!-- test6 -->
  <system-out/>
  <testcase classname="listeners.TestNGListenerDemo2" name="test5" time="0.002"/>
  <system-out/>
  <testcase classname="listeners.TestNGListenerDemo2" name="test4" time="0.002"/>
  <system-out/>
</testsuite> <!-- listeners.TestNGListenerDemo2 -->
