<?xml version="1.0" encoding="UTF-8"?>
<!-- Generated by org.testng.reporters.JUnitReportReporter -->
<testsuite hostname="DESKTOP-90T0URJ" failures="0" tests="2" name="test.ExtentReportsDemoWithTestNG" time="4.090" errors="0" timestamp="2022-10-03T16:29:28 EEST" skipped="0">
  <testcase classname="test.ExtentReportsDemoWithTestNG" name="test1" time="4.087"/>
  <system-out/>
  <testcase classname="test.ExtentReportsDemoWithTestNG" name="test2" time="0.003"/>
  <system-out/>
</testsuite> <!-- test.ExtentReportsDemoWithTestNG -->
