<?xml version="1.0" encoding="UTF-8"?>
<!-- Generated by org.testng.reporters.JUnitReportReporter -->
<testsuite hostname="DESKTOP-90T0URJ" failures="0" tests="3" name="Demo.TestNGPriorityDemo" time="0.033" errors="0" timestamp="2022-10-06T16:51:00 EEST" skipped="0">
  <testcase classname="Demo.TestNGPriorityDemo" name="one" time="0.025"/>
  <system-out/>
  <testcase classname="Demo.TestNGPriorityDemo" name="three" time="0.004"/>
  <system-out/>
  <testcase classname="Demo.TestNGPriorityDemo" name="two" time="0.004"/>
  <system-out/>
</testsuite> <!-- Demo.TestNGPriorityDemo -->
