<?xml version="1.0" encoding="UTF-8"?>
<!-- Generated by org.testng.reporters.JUnitReportReporter -->
<testsuite hostname="DESKTOP-90T0URJ" failures="0" tests="3" name="Demo.TestNGDependencyDemo" time="0.028" errors="0" timestamp="2022-10-08T00:19:28 EEST" skipped="0">
  <testcase classname="Demo.TestNGDependencyDemo" name="test2" time="0.019"/>
  <system-out/>
  <testcase classname="Demo.TestNGDependencyDemo" name="test1" time="0.005"/>
  <system-out/>
  <testcase classname="Demo.TestNGDependencyDemo" name="test3" time="0.004"/>
  <system-out/>
</testsuite> <!-- Demo.TestNGDependencyDemo -->
