<?xml version="1.0" encoding="UTF-8"?>
<!-- Generated by org.testng.reporters.JUnitReportReporter -->
<testsuite hostname="DESKTOP-90T0URJ" failures="0" tests="3" name="Demo.TestNGMultiBrowserDemo" time="70.984" errors="0" timestamp="2022-10-06T18:49:16 EEST" skipped="0">
  <testcase classname="Demo.TestNGMultiBrowserDemo" name="test1" time="23.779"/>
  <system-out/>
  <testcase classname="Demo.TestNGMultiBrowserDemo" name="test1" time="34.476"/>
  <system-out/>
  <testcase classname="Demo.TestNGMultiBrowserDemo" name="test1" time="12.729"/>
  <system-out/>
</testsuite> <!-- Demo.TestNGMultiBrowserDemo -->
