<?xml version="1.0" encoding="UTF-8"?>
<!-- Generated by org.testng.reporters.JUnitReportReporter -->
<testsuite hostname="DESKTOP-90T0URJ" failures="0" tests="4" name="Demo.TestNGGroupsDemo" time="0.027" errors="0" timestamp="2022-10-08T00:15:17 EEST" skipped="0">
  <testcase classname="Demo.TestNGGroupsDemo" name="test4" time="0.009"/>
  <system-out/>
  <testcase classname="Demo.TestNGGroupsDemo" name="test1" time="0.004"/>
  <system-out/>
  <testcase classname="Demo.TestNGGroupsDemo" name="test3" time="0.008"/>
  <system-out/>
  <testcase classname="Demo.TestNGGroupsDemo" name="test2" time="0.006"/>
  <system-out/>
</testsuite> <!-- Demo.TestNGGroupsDemo -->
