<?xml version="1.0" encoding="UTF-8"?>
<!-- Generated by org.testng.reporters.JUnitReportReporter -->
<testsuite hostname="DESKTOP-90T0URJ" failures="0" tests="1" name="test.TestNGDemo2" time="13.693" errors="0" timestamp="2022-10-04T12:10:01 EEST" skipped="0">
  <testcase classname="test.TestNGDemo2" name="googleSearch3" time="13.693"/>
  <system-out/>
</testsuite> <!-- test.TestNGDemo2 -->
