<?xml version="1.0" encoding="UTF-8"?>
<!-- Generated by org.testng.reporters.JUnitReportReporter -->
<testsuite hostname="DESKTOP-90T0URJ" failures="0" tests="2" name="Demo.TestNGIgnoreDemo" time="0.019" errors="0" timestamp="2022-10-08T00:41:31 EEST" skipped="1">
  <testcase classname="Demo.TestNGIgnoreDemo" name="test2" time="0.019"/>
  <system-out/>
  <testcase classname="Demo.TestNGIgnoreDemo" name="test1">
    <skipped/>
  </testcase> <!-- test1 -->
  <system-out/>
</testsuite> <!-- Demo.TestNGIgnoreDemo -->
