<?xml version="1.0" encoding="UTF-8"?>
<!-- Generated by org.testng.reporters.JUnitReportReporter -->
<testsuite hostname="DESKTOP-90T0URJ" failures="0" tests="3" name="utils.ExcelDataProvider" time="14.872" errors="0" timestamp="2022-10-05T17:01:35 EEST" skipped="0">
  <testcase classname="utils.ExcelDataProvider" name="test1" time="3.035"/>
  <system-out/>
  <testcase classname="utils.ExcelDataProvider" name="test1" time="2.866"/>
  <system-out/>
  <testcase classname="utils.ExcelDataProvider" name="test1" time="8.971"/>
  <system-out/>
</testsuite> <!-- utils.ExcelDataProvider -->
