<?xml version="1.0" encoding="UTF-8"?>
<!-- Generated by org.testng.reporters.JUnitReportReporter -->
<testsuite hostname="DESKTOP-90T0URJ" failures="0" tests="1" name="Demo.Testcase1" time="18.501" errors="0" timestamp="2022-10-08T02:15:25 EEST" skipped="0">
  <testcase classname="Demo.Testcase1" name="testCase1" time="18.501"/>
  <system-out/>
</testsuite> <!-- Demo.Testcase1 -->
